

mschapv2: Mon Jun 13 15:54:50 2022
	 username:	user_test
	 challenge:	da:5b:ca:fe:3d:97:f1:de
	 response:	ea:a9:b0:16:e8:d2:bd:ee:57:e1:0b:7a:06:3d:a8:dc:5e:92:40:36:ff:66:b4:a0
	 jtr NETNTLM:		user_test:$NETNTLM$da5bcafe3d97f1de$eaa9b016e8d2bdee57e10b7a063da8dc5e924036ff66b4a0
	 hashcat NETNTLM:	user_test::::eaa9b016e8d2bdee57e10b7a063da8dc5e924036ff66b4a0:da5bcafe3d97f1de


mschapv2: Mon Jun 13 15:59:30 2022
	 username:	user_test
	 challenge:	6d:c9:06:33:d7:28:45:f1
	 response:	5b:29:b5:6b:d8:b7:3c:f2:0a:90:bd:94:42:31:9b:77:96:0c:43:e0:ac:a3:d6:1c
	 jtr NETNTLM:		user_test:$NETNTLM$6dc90633d72845f1$5b29b56bd8b73cf20a90bd9442319b77960c43e0aca3d61c
	 hashcat NETNTLM:	user_test::::5b29b56bd8b73cf20a90bd9442319b77960c43e0aca3d61c:6dc90633d72845f1


mschapv2: Mon Jun 13 15:59:42 2022
	 username:	user_test
	 challenge:	18:37:73:1c:f6:ef:26:f5
	 response:	d0:b0:54:f0:f6:c8:a7:a3:6f:ce:2e:b7:0f:0a:8f:ef:8e:8d:c1:82:68:05:f0:f3
	 jtr NETNTLM:		user_test:$NETNTLM$1837731cf6ef26f5$d0b054f0f6c8a7a36fce2eb70f0a8fef8e8dc1826805f0f3
	 hashcat NETNTLM:	user_test::::d0b054f0f6c8a7a36fce2eb70f0a8fef8e8dc1826805f0f3:1837731cf6ef26f5


mschapv2: Mon Jun 13 15:59:45 2022
	 username:	user_test
	 challenge:	ec:02:41:bb:ba:b8:ee:ba
	 response:	c7:a3:58:aa:97:af:c5:f3:62:e2:df:04:48:f0:29:d7:37:03:e0:17:fa:57:d8:15
	 jtr NETNTLM:		user_test:$NETNTLM$ec0241bbbab8eeba$c7a358aa97afc5f362e2df0448f029d73703e017fa57d815
	 hashcat NETNTLM:	user_test::::c7a358aa97afc5f362e2df0448f029d73703e017fa57d815:ec0241bbbab8eeba
